2015-05-09 20:07:51,644 [AWT-EventQueue-0] (DataSource.java:48) INFO - Az adatbázis konfiguráció az alábbi értékekkel betöltődött: [CONNECTION : jdbc:derby://localhost:1527/Store , USER: root , PASSWORD: root]
2015-05-09 20:07:52,207 [SwingWorker-pool-1-thread-1] (CustomerController.java:37) INFO - A táblában az azonosító alapján történő keresés sikeres volt. ResultSet: 18 Kiss Béla 9999 Hajó utca 20. +36105678944 kissbela@customer.hu
2015-05-09 20:07:52,253 [SwingWorker-pool-1-thread-1] (CustomerController.java:37) INFO - A táblában az azonosító alapján történő keresés sikeres volt. ResultSet: 19 Forgács Eszter 9123 Virág utca 195. +36401234567 eszter.forgacs@mail.hu
2015-05-09 20:07:52,283 [SwingWorker-pool-1-thread-1] (CustomerController.java:37) INFO - A táblában az azonosító alapján történő keresés sikeres volt. ResultSet: 20 Virág Árpád 1234 Mező utca 72. +36801234598 arpika@watermail.com
2015-05-09 20:07:52,314 [SwingWorker-pool-1-thread-1] (CustomerController.java:37) INFO - A táblában az azonosító alapján történő keresés sikeres volt. ResultSet: 22 Répási Réka 6352 Nyúl utca 144. +36401121123 reka_nyuszi@amail.com
2015-05-09 20:07:52,344 [SwingWorker-pool-1-thread-1] (CustomerController.java:37) INFO - A táblában az azonosító alapján történő keresés sikeres volt. ResultSet: 23 Kis Virág 1835 Föld utca 40. +36905555555 kiss@virag.hu
2015-05-09 20:07:52,375 [SwingWorker-pool-1-thread-1] (CustomerController.java:37) INFO - A táblában az azonosító alapján történő keresés sikeres volt. ResultSet: 23 Kis Virág 1835 Föld utca 40. +36905555555 kiss@virag.hu
2015-05-09 20:07:52,412 [SwingWorker-pool-1-thread-1] (CustomerController.java:37) INFO - A táblában az azonosító alapján történő keresés sikeres volt. ResultSet: 18 Kiss Béla 9999 Hajó utca 20. +36105678944 kissbela@customer.hu
2015-05-09 20:08:11,634 [AWT-EventQueue-0] (DataSource.java:48) INFO - Az adatbázis konfiguráció az alábbi értékekkel betöltődött: [CONNECTION : jdbc:derby://localhost:1527/Store , USER: root , PASSWORD: root]
2015-05-09 20:08:12,191 [SwingWorker-pool-1-thread-1] (CustomerController.java:37) INFO - A táblában az azonosító alapján történő keresés sikeres volt. ResultSet: 18 Kiss Béla 9999 Hajó utca 20. +36105678944 kissbela@customer.hu
2015-05-09 20:08:12,242 [SwingWorker-pool-1-thread-1] (CustomerController.java:37) INFO - A táblában az azonosító alapján történő keresés sikeres volt. ResultSet: 19 Forgács Eszter 9123 Virág utca 195. +36401234567 eszter.forgacs@mail.hu
2015-05-09 20:08:12,291 [SwingWorker-pool-1-thread-1] (CustomerController.java:37) INFO - A táblában az azonosító alapján történő keresés sikeres volt. ResultSet: 20 Virág Árpád 1234 Mező utca 72. +36801234598 arpika@watermail.com
2015-05-09 20:08:12,343 [SwingWorker-pool-1-thread-1] (CustomerController.java:37) INFO - A táblában az azonosító alapján történő keresés sikeres volt. ResultSet: 22 Répási Réka 6352 Nyúl utca 144. +36401121123 reka_nyuszi@amail.com
2015-05-09 20:08:12,415 [SwingWorker-pool-1-thread-1] (CustomerController.java:37) INFO - A táblában az azonosító alapján történő keresés sikeres volt. ResultSet: 23 Kis Virág 1835 Föld utca 40. +36905555555 kiss@virag.hu
2015-05-09 20:08:12,617 [SwingWorker-pool-1-thread-1] (CustomerController.java:37) INFO - A táblában az azonosító alapján történő keresés sikeres volt. ResultSet: 23 Kis Virág 1835 Föld utca 40. +36905555555 kiss@virag.hu
2015-05-09 20:08:12,823 [SwingWorker-pool-1-thread-1] (CustomerController.java:37) INFO - A táblában az azonosító alapján történő keresés sikeres volt. ResultSet: 18 Kiss Béla 9999 Hajó utca 20. +36105678944 kissbela@customer.hu
2015-05-09 20:08:17,083 [SwingWorker-pool-1-thread-3] (CustomerController.java:37) INFO - A táblában az azonosító alapján történő keresés sikeres volt. ResultSet: 18 Kiss Béla 9999 Hajó utca 20. +36105678944 kissbela@customer.hu
2015-05-09 20:08:17,110 [SwingWorker-pool-1-thread-3] (CustomerController.java:37) INFO - A táblában az azonosító alapján történő keresés sikeres volt. ResultSet: 19 Forgács Eszter 9123 Virág utca 195. +36401234567 eszter.forgacs@mail.hu
2015-05-09 20:08:17,140 [SwingWorker-pool-1-thread-3] (CustomerController.java:37) INFO - A táblában az azonosító alapján történő keresés sikeres volt. ResultSet: 20 Virág Árpád 1234 Mező utca 72. +36801234598 arpika@watermail.com
2015-05-09 20:08:17,168 [SwingWorker-pool-1-thread-3] (CustomerController.java:37) INFO - A táblában az azonosító alapján történő keresés sikeres volt. ResultSet: 22 Répási Réka 6352 Nyúl utca 144. +36401121123 reka_nyuszi@amail.com
2015-05-09 20:08:17,194 [SwingWorker-pool-1-thread-3] (CustomerController.java:37) INFO - A táblában az azonosító alapján történő keresés sikeres volt. ResultSet: 23 Kis Virág 1835 Föld utca 40. +36905555555 kiss@virag.hu
2015-05-09 20:08:17,219 [SwingWorker-pool-1-thread-3] (CustomerController.java:37) INFO - A táblában az azonosító alapján történő keresés sikeres volt. ResultSet: 23 Kis Virág 1835 Föld utca 40. +36905555555 kiss@virag.hu
2015-05-09 20:08:17,247 [SwingWorker-pool-1-thread-3] (CustomerController.java:37) INFO - A táblában az azonosító alapján történő keresés sikeres volt. ResultSet: 18 Kiss Béla 9999 Hajó utca 20. +36105678944 kissbela@customer.hu
2015-05-09 20:09:01,019 [AWT-EventQueue-0] (DataSource.java:48) INFO - Az adatbázis konfiguráció az alábbi értékekkel betöltődött: [CONNECTION : jdbc:derby://localhost:1527/Store , USER: root , PASSWORD: root]
2015-05-09 20:09:01,477 [SwingWorker-pool-1-thread-1] (CustomerController.java:37) INFO - A táblában az azonosító alapján történő keresés sikeres volt. ResultSet: 18 Kiss Béla 9999 Hajó utca 20. +36105678944 kissbela@customer.hu
2015-05-09 20:09:01,542 [SwingWorker-pool-1-thread-1] (CustomerController.java:37) INFO - A táblában az azonosító alapján történő keresés sikeres volt. ResultSet: 19 Forgács Eszter 9123 Virág utca 195. +36401234567 eszter.forgacs@mail.hu
2015-05-09 20:09:01,691 [SwingWorker-pool-1-thread-1] (CustomerController.java:37) INFO - A táblában az azonosító alapján történő keresés sikeres volt. ResultSet: 20 Virág Árpád 1234 Mező utca 72. +36801234598 arpika@watermail.com
2015-05-09 20:09:01,919 [SwingWorker-pool-1-thread-1] (CustomerController.java:37) INFO - A táblában az azonosító alapján történő keresés sikeres volt. ResultSet: 22 Répási Réka 6352 Nyúl utca 144. +36401121123 reka_nyuszi@amail.com
2015-05-09 20:09:02,033 [SwingWorker-pool-1-thread-1] (CustomerController.java:37) INFO - A táblában az azonosító alapján történő keresés sikeres volt. ResultSet: 23 Kis Virág 1835 Föld utca 40. +36905555555 kiss@virag.hu
2015-05-09 20:09:02,137 [SwingWorker-pool-1-thread-1] (CustomerController.java:37) INFO - A táblában az azonosító alapján történő keresés sikeres volt. ResultSet: 23 Kis Virág 1835 Föld utca 40. +36905555555 kiss@virag.hu
2015-05-09 20:09:02,230 [SwingWorker-pool-1-thread-1] (CustomerController.java:37) INFO - A táblában az azonosító alapján történő keresés sikeres volt. ResultSet: 18 Kiss Béla 9999 Hajó utca 20. +36105678944 kissbela@customer.hu
2015-05-09 20:09:47,161 [AWT-EventQueue-0] (DataSource.java:48) INFO - Az adatbázis konfiguráció az alábbi értékekkel betöltődött: [CONNECTION : jdbc:derby://localhost:1527/Store , USER: root , PASSWORD: root]
2015-05-09 20:09:47,626 [SwingWorker-pool-1-thread-1] (CustomerController.java:37) INFO - A táblában az azonosító alapján történő keresés sikeres volt. ResultSet: 18 Kiss Béla 9999 Hajó utca 20. +36105678944 kissbela@customer.hu
2015-05-09 20:09:47,672 [SwingWorker-pool-1-thread-3] (CustomerController.java:66) INFO - A táblában a sorindex alapján történő keresés sikeres volt.ResultSet: 18 Kiss Béla 9999 Hajó utca 20. +36105678944 kissbela@customer.hu
2015-05-09 20:09:47,687 [SwingWorker-pool-1-thread-3] (CustomerController.java:66) INFO - A táblában a sorindex alapján történő keresés sikeres volt.ResultSet: 19 Forgács Eszter 9123 Virág utca 195. +36401234567 eszter.forgacs@mail.hu
2015-05-09 20:09:47,697 [SwingWorker-pool-1-thread-1] (CustomerController.java:37) INFO - A táblában az azonosító alapján történő keresés sikeres volt. ResultSet: 19 Forgács Eszter 9123 Virág utca 195. +36401234567 eszter.forgacs@mail.hu
2015-05-09 20:09:47,700 [SwingWorker-pool-1-thread-3] (CustomerController.java:66) INFO - A táblában a sorindex alapján történő keresés sikeres volt.ResultSet: 20 Virág Árpád 1234 Mező utca 72. +36801234598 arpika@watermail.com
2015-05-09 20:09:47,709 [SwingWorker-pool-1-thread-3] (CustomerController.java:66) INFO - A táblában a sorindex alapján történő keresés sikeres volt.ResultSet: 21 Kolompár Emánuel 7456 Vass utca 19. +36801234123 emanuel@vasmuvek.hu
2015-05-09 20:09:47,719 [SwingWorker-pool-1-thread-3] (CustomerController.java:66) INFO - A táblában a sorindex alapján történő keresés sikeres volt.ResultSet: 22 Répási Réka 6352 Nyúl utca 144. +36401121123 reka_nyuszi@amail.com
2015-05-09 20:09:47,729 [SwingWorker-pool-1-thread-3] (CustomerController.java:66) INFO - A táblában a sorindex alapján történő keresés sikeres volt.ResultSet: 23 Kis Virág 1835 Föld utca 40. +36905555555 kiss@virag.hu
2015-05-09 20:09:47,834 [SwingWorker-pool-1-thread-1] (CustomerController.java:37) INFO - A táblában az azonosító alapján történő keresés sikeres volt. ResultSet: 20 Virág Árpád 1234 Mező utca 72. +36801234598 arpika@watermail.com
2015-05-09 20:09:48,159 [SwingWorker-pool-1-thread-1] (CustomerController.java:37) INFO - A táblában az azonosító alapján történő keresés sikeres volt. ResultSet: 22 Répási Réka 6352 Nyúl utca 144. +36401121123 reka_nyuszi@amail.com
2015-05-09 20:09:48,253 [SwingWorker-pool-1-thread-1] (CustomerController.java:37) INFO - A táblában az azonosító alapján történő keresés sikeres volt. ResultSet: 23 Kis Virág 1835 Föld utca 40. +36905555555 kiss@virag.hu
2015-05-09 20:09:48,326 [SwingWorker-pool-1-thread-1] (CustomerController.java:37) INFO - A táblában az azonosító alapján történő keresés sikeres volt. ResultSet: 23 Kis Virág 1835 Föld utca 40. +36905555555 kiss@virag.hu
2015-05-09 20:09:48,410 [SwingWorker-pool-1-thread-1] (CustomerController.java:37) INFO - A táblában az azonosító alapján történő keresés sikeres volt. ResultSet: 18 Kiss Béla 9999 Hajó utca 20. +36105678944 kissbela@customer.hu
2015-05-09 20:09:52,614 [SwingWorker-pool-1-thread-5] (OrderController.java:140) INFO - A(z) (54) azonosítójú sor sikeresen módosult.Hozzáadott termék: GeForce GTX 750 Ti a hozzá tartozó vásárló neve: Kiss Béla lett.
2015-05-09 20:09:52,760 [SwingWorker-pool-1-thread-3] (CustomerController.java:37) INFO - A táblában az azonosító alapján történő keresés sikeres volt. ResultSet: 18 Kiss Béla 9999 Hajó utca 20. +36105678944 kissbela@customer.hu
2015-05-09 20:09:52,796 [SwingWorker-pool-1-thread-3] (CustomerController.java:37) INFO - A táblában az azonosító alapján történő keresés sikeres volt. ResultSet: 19 Forgács Eszter 9123 Virág utca 195. +36401234567 eszter.forgacs@mail.hu
2015-05-09 20:09:52,887 [SwingWorker-pool-1-thread-3] (CustomerController.java:37) INFO - A táblában az azonosító alapján történő keresés sikeres volt. ResultSet: 20 Virág Árpád 1234 Mező utca 72. +36801234598 arpika@watermail.com
2015-05-09 20:09:52,931 [SwingWorker-pool-1-thread-3] (CustomerController.java:37) INFO - A táblában az azonosító alapján történő keresés sikeres volt. ResultSet: 22 Répási Réka 6352 Nyúl utca 144. +36401121123 reka_nyuszi@amail.com
2015-05-09 20:09:52,966 [SwingWorker-pool-1-thread-3] (CustomerController.java:37) INFO - A táblában az azonosító alapján történő keresés sikeres volt. ResultSet: 23 Kis Virág 1835 Föld utca 40. +36905555555 kiss@virag.hu
2015-05-09 20:09:52,997 [SwingWorker-pool-1-thread-3] (CustomerController.java:37) INFO - A táblában az azonosító alapján történő keresés sikeres volt. ResultSet: 23 Kis Virág 1835 Föld utca 40. +36905555555 kiss@virag.hu
2015-05-09 20:09:53,031 [SwingWorker-pool-1-thread-3] (CustomerController.java:37) INFO - A táblában az azonosító alapján történő keresés sikeres volt. ResultSet: 18 Kiss Béla 9999 Hajó utca 20. +36105678944 kissbela@customer.hu
2015-05-09 20:09:56,179 [SwingWorker-pool-1-thread-9] (OrderController.java:140) INFO - A(z) (54) azonosítójú sor sikeresen módosult.Hozzáadott termék: GeForce GTX 750 Ti a hozzá tartozó vásárló neve: Kiss Béla lett.
2015-05-09 20:09:56,318 [SwingWorker-pool-1-thread-1] (CustomerController.java:37) INFO - A táblában az azonosító alapján történő keresés sikeres volt. ResultSet: 18 Kiss Béla 9999 Hajó utca 20. +36105678944 kissbela@customer.hu
2015-05-09 20:09:56,345 [SwingWorker-pool-1-thread-1] (CustomerController.java:37) INFO - A táblában az azonosító alapján történő keresés sikeres volt. ResultSet: 19 Forgács Eszter 9123 Virág utca 195. +36401234567 eszter.forgacs@mail.hu
2015-05-09 20:09:56,370 [SwingWorker-pool-1-thread-1] (CustomerController.java:37) INFO - A táblában az azonosító alapján történő keresés sikeres volt. ResultSet: 20 Virág Árpád 1234 Mező utca 72. +36801234598 arpika@watermail.com
2015-05-09 20:09:56,396 [SwingWorker-pool-1-thread-1] (CustomerController.java:37) INFO - A táblában az azonosító alapján történő keresés sikeres volt. ResultSet: 22 Répási Réka 6352 Nyúl utca 144. +36401121123 reka_nyuszi@amail.com
2015-05-09 20:09:56,426 [SwingWorker-pool-1-thread-1] (CustomerController.java:37) INFO - A táblában az azonosító alapján történő keresés sikeres volt. ResultSet: 23 Kis Virág 1835 Föld utca 40. +36905555555 kiss@virag.hu
2015-05-09 20:09:56,451 [SwingWorker-pool-1-thread-1] (CustomerController.java:37) INFO - A táblában az azonosító alapján történő keresés sikeres volt. ResultSet: 23 Kis Virág 1835 Föld utca 40. +36905555555 kiss@virag.hu
2015-05-09 20:09:56,491 [SwingWorker-pool-1-thread-1] (CustomerController.java:37) INFO - A táblában az azonosító alapján történő keresés sikeres volt. ResultSet: 18 Kiss Béla 9999 Hajó utca 20. +36105678944 kissbela@customer.hu
2015-05-09 20:09:59,777 [SwingWorker-pool-1-thread-8] (OrderController.java:140) INFO - A(z) (54) azonosítójú sor sikeresen módosult.Hozzáadott termék: GeForce GTX 750 Ti a hozzá tartozó vásárló neve: Kiss Béla lett.
2015-05-09 20:09:59,918 [SwingWorker-pool-1-thread-3] (CustomerController.java:37) INFO - A táblában az azonosító alapján történő keresés sikeres volt. ResultSet: 18 Kiss Béla 9999 Hajó utca 20. +36105678944 kissbela@customer.hu
2015-05-09 20:09:59,941 [SwingWorker-pool-1-thread-3] (CustomerController.java:37) INFO - A táblában az azonosító alapján történő keresés sikeres volt. ResultSet: 19 Forgács Eszter 9123 Virág utca 195. +36401234567 eszter.forgacs@mail.hu
2015-05-09 20:09:59,965 [SwingWorker-pool-1-thread-3] (CustomerController.java:37) INFO - A táblában az azonosító alapján történő keresés sikeres volt. ResultSet: 20 Virág Árpád 1234 Mező utca 72. +36801234598 arpika@watermail.com
2015-05-09 20:09:59,990 [SwingWorker-pool-1-thread-3] (CustomerController.java:37) INFO - A táblában az azonosító alapján történő keresés sikeres volt. ResultSet: 22 Répási Réka 6352 Nyúl utca 144. +36401121123 reka_nyuszi@amail.com
2015-05-09 20:10:00,018 [SwingWorker-pool-1-thread-3] (CustomerController.java:37) INFO - A táblában az azonosító alapján történő keresés sikeres volt. ResultSet: 23 Kis Virág 1835 Föld utca 40. +36905555555 kiss@virag.hu
2015-05-09 20:10:00,041 [SwingWorker-pool-1-thread-3] (CustomerController.java:37) INFO - A táblában az azonosító alapján történő keresés sikeres volt. ResultSet: 23 Kis Virág 1835 Föld utca 40. +36905555555 kiss@virag.hu
2015-05-09 20:10:00,065 [SwingWorker-pool-1-thread-3] (CustomerController.java:37) INFO - A táblában az azonosító alapján történő keresés sikeres volt. ResultSet: 18 Kiss Béla 9999 Hajó utca 20. +36105678944 kissbela@customer.hu
2015-05-09 20:10:42,838 [AWT-EventQueue-0] (DataSource.java:48) INFO - Az adatbázis konfiguráció az alábbi értékekkel betöltődött: [CONNECTION : jdbc:derby://localhost:1527/Store , USER: root , PASSWORD: root]
2015-05-09 20:10:43,289 [SwingWorker-pool-1-thread-1] (CustomerController.java:37) INFO - A táblában az azonosító alapján történő keresés sikeres volt. ResultSet: 18 Kiss Béla 9999 Hajó utca 20. +36105678944 kissbela@customer.hu
2015-05-09 20:10:43,333 [SwingWorker-pool-1-thread-1] (CustomerController.java:37) INFO - A táblában az azonosító alapján történő keresés sikeres volt. ResultSet: 19 Forgács Eszter 9123 Virág utca 195. +36401234567 eszter.forgacs@mail.hu
2015-05-09 20:10:43,336 [SwingWorker-pool-1-thread-3] (CustomerController.java:66) INFO - A táblában a sorindex alapján történő keresés sikeres volt.ResultSet: 18 Kiss Béla 9999 Hajó utca 20. +36105678944 kissbela@customer.hu
2015-05-09 20:10:43,348 [SwingWorker-pool-1-thread-3] (CustomerController.java:66) INFO - A táblában a sorindex alapján történő keresés sikeres volt.ResultSet: 19 Forgács Eszter 9123 Virág utca 195. +36401234567 eszter.forgacs@mail.hu
2015-05-09 20:10:43,357 [SwingWorker-pool-1-thread-3] (CustomerController.java:66) INFO - A táblában a sorindex alapján történő keresés sikeres volt.ResultSet: 20 Virág Árpád 1234 Mező utca 72. +36801234598 arpika@watermail.com
2015-05-09 20:10:43,365 [SwingWorker-pool-1-thread-3] (CustomerController.java:66) INFO - A táblában a sorindex alapján történő keresés sikeres volt.ResultSet: 21 Kolompár Emánuel 7456 Vass utca 19. +36801234123 emanuel@vasmuvek.hu
2015-05-09 20:10:43,375 [SwingWorker-pool-1-thread-3] (CustomerController.java:66) INFO - A táblában a sorindex alapján történő keresés sikeres volt.ResultSet: 22 Répási Réka 6352 Nyúl utca 144. +36401121123 reka_nyuszi@amail.com
2015-05-09 20:10:43,386 [SwingWorker-pool-1-thread-3] (CustomerController.java:66) INFO - A táblában a sorindex alapján történő keresés sikeres volt.ResultSet: 23 Kis Virág 1835 Föld utca 40. +36905555555 kiss@virag.hu
2015-05-09 20:10:43,439 [SwingWorker-pool-1-thread-1] (CustomerController.java:37) INFO - A táblában az azonosító alapján történő keresés sikeres volt. ResultSet: 20 Virág Árpád 1234 Mező utca 72. +36801234598 arpika@watermail.com
2015-05-09 20:10:43,541 [SwingWorker-pool-1-thread-1] (CustomerController.java:37) INFO - A táblában az azonosító alapján történő keresés sikeres volt. ResultSet: 22 Répási Réka 6352 Nyúl utca 144. +36401121123 reka_nyuszi@amail.com
2015-05-09 20:10:43,708 [SwingWorker-pool-1-thread-1] (CustomerController.java:37) INFO - A táblában az azonosító alapján történő keresés sikeres volt. ResultSet: 23 Kis Virág 1835 Föld utca 40. +36905555555 kiss@virag.hu
2015-05-09 20:10:43,889 [SwingWorker-pool-1-thread-1] (CustomerController.java:37) INFO - A táblában az azonosító alapján történő keresés sikeres volt. ResultSet: 23 Kis Virág 1835 Föld utca 40. +36905555555 kiss@virag.hu
2015-05-09 20:10:43,961 [SwingWorker-pool-1-thread-1] (CustomerController.java:37) INFO - A táblában az azonosító alapján történő keresés sikeres volt. ResultSet: 18 Kiss Béla 9999 Hajó utca 20. +36105678944 kissbela@customer.hu
2015-05-09 20:10:47,246 [SwingWorker-pool-1-thread-3] (OrderController.java:140) INFO - A(z) (54) azonosítójú sor sikeresen módosult.Hozzáadott termék: GeForce GTX 750 Ti a hozzá tartozó vásárló neve: Kiss Béla lett.
2015-05-09 20:10:47,383 [SwingWorker-pool-1-thread-5] (CustomerController.java:37) INFO - A táblában az azonosító alapján történő keresés sikeres volt. ResultSet: 18 Kiss Béla 9999 Hajó utca 20. +36105678944 kissbela@customer.hu
2015-05-09 20:10:47,412 [SwingWorker-pool-1-thread-5] (CustomerController.java:37) INFO - A táblában az azonosító alapján történő keresés sikeres volt. ResultSet: 19 Forgács Eszter 9123 Virág utca 195. +36401234567 eszter.forgacs@mail.hu
2015-05-09 20:10:47,460 [SwingWorker-pool-1-thread-5] (CustomerController.java:37) INFO - A táblában az azonosító alapján történő keresés sikeres volt. ResultSet: 20 Virág Árpád 1234 Mező utca 72. +36801234598 arpika@watermail.com
2015-05-09 20:10:47,501 [SwingWorker-pool-1-thread-5] (CustomerController.java:37) INFO - A táblában az azonosító alapján történő keresés sikeres volt. ResultSet: 22 Répási Réka 6352 Nyúl utca 144. +36401121123 reka_nyuszi@amail.com
2015-05-09 20:10:47,526 [SwingWorker-pool-1-thread-5] (CustomerController.java:37) INFO - A táblában az azonosító alapján történő keresés sikeres volt. ResultSet: 23 Kis Virág 1835 Föld utca 40. +36905555555 kiss@virag.hu
2015-05-09 20:10:47,550 [SwingWorker-pool-1-thread-5] (CustomerController.java:37) INFO - A táblában az azonosító alapján történő keresés sikeres volt. ResultSet: 23 Kis Virág 1835 Föld utca 40. +36905555555 kiss@virag.hu
2015-05-09 20:10:47,587 [SwingWorker-pool-1-thread-5] (CustomerController.java:37) INFO - A táblában az azonosító alapján történő keresés sikeres volt. ResultSet: 18 Kiss Béla 9999 Hajó utca 20. +36105678944 kissbela@customer.hu
2015-05-09 20:10:50,772 [SwingWorker-pool-1-thread-2] (OrderController.java:140) INFO - A(z) (54) azonosítójú sor sikeresen módosult.Hozzáadott termék: GeForce GTX 750 Ti a hozzá tartozó vásárló neve: Kiss Béla lett.
2015-05-09 20:10:50,925 [SwingWorker-pool-1-thread-6] (CustomerController.java:37) INFO - A táblában az azonosító alapján történő keresés sikeres volt. ResultSet: 18 Kiss Béla 9999 Hajó utca 20. +36105678944 kissbela@customer.hu
2015-05-09 20:10:50,952 [SwingWorker-pool-1-thread-6] (CustomerController.java:37) INFO - A táblában az azonosító alapján történő keresés sikeres volt. ResultSet: 19 Forgács Eszter 9123 Virág utca 195. +36401234567 eszter.forgacs@mail.hu
2015-05-09 20:10:50,977 [SwingWorker-pool-1-thread-6] (CustomerController.java:37) INFO - A táblában az azonosító alapján történő keresés sikeres volt. ResultSet: 20 Virág Árpád 1234 Mező utca 72. +36801234598 arpika@watermail.com
2015-05-09 20:10:51,007 [SwingWorker-pool-1-thread-6] (CustomerController.java:37) INFO - A táblában az azonosító alapján történő keresés sikeres volt. ResultSet: 22 Répási Réka 6352 Nyúl utca 144. +36401121123 reka_nyuszi@amail.com
2015-05-09 20:10:51,038 [SwingWorker-pool-1-thread-6] (CustomerController.java:37) INFO - A táblában az azonosító alapján történő keresés sikeres volt. ResultSet: 23 Kis Virág 1835 Föld utca 40. +36905555555 kiss@virag.hu
2015-05-09 20:10:51,063 [SwingWorker-pool-1-thread-6] (CustomerController.java:37) INFO - A táblában az azonosító alapján történő keresés sikeres volt. ResultSet: 23 Kis Virág 1835 Föld utca 40. +36905555555 kiss@virag.hu
2015-05-09 20:10:51,085 [SwingWorker-pool-1-thread-6] (CustomerController.java:37) INFO - A táblában az azonosító alapján történő keresés sikeres volt. ResultSet: 18 Kiss Béla 9999 Hajó utca 20. +36105678944 kissbela@customer.hu
2015-05-09 20:11:06,797 [SwingWorker-pool-1-thread-10] (OrderController.java:140) INFO - A(z) (54) azonosítójú sor sikeresen módosult.Hozzáadott termék: Core i7-4770K a hozzá tartozó vásárló neve: Kiss Béla lett.
2015-05-09 20:11:06,932 [SwingWorker-pool-1-thread-9] (CustomerController.java:37) INFO - A táblában az azonosító alapján történő keresés sikeres volt. ResultSet: 18 Kiss Béla 9999 Hajó utca 20. +36105678944 kissbela@customer.hu
2015-05-09 20:11:06,961 [SwingWorker-pool-1-thread-9] (CustomerController.java:37) INFO - A táblában az azonosító alapján történő keresés sikeres volt. ResultSet: 19 Forgács Eszter 9123 Virág utca 195. +36401234567 eszter.forgacs@mail.hu
2015-05-09 20:11:06,984 [SwingWorker-pool-1-thread-9] (CustomerController.java:37) INFO - A táblában az azonosító alapján történő keresés sikeres volt. ResultSet: 20 Virág Árpád 1234 Mező utca 72. +36801234598 arpika@watermail.com
2015-05-09 20:11:07,007 [SwingWorker-pool-1-thread-9] (CustomerController.java:37) INFO - A táblában az azonosító alapján történő keresés sikeres volt. ResultSet: 22 Répási Réka 6352 Nyúl utca 144. +36401121123 reka_nyuszi@amail.com
2015-05-09 20:11:07,064 [SwingWorker-pool-1-thread-9] (CustomerController.java:37) INFO - A táblában az azonosító alapján történő keresés sikeres volt. ResultSet: 23 Kis Virág 1835 Föld utca 40. +36905555555 kiss@virag.hu
2015-05-09 20:11:07,088 [SwingWorker-pool-1-thread-9] (CustomerController.java:37) INFO - A táblában az azonosító alapján történő keresés sikeres volt. ResultSet: 23 Kis Virág 1835 Föld utca 40. +36905555555 kiss@virag.hu
2015-05-09 20:11:07,112 [SwingWorker-pool-1-thread-9] (CustomerController.java:37) INFO - A táblában az azonosító alapján történő keresés sikeres volt. ResultSet: 18 Kiss Béla 9999 Hajó utca 20. +36105678944 kissbela@customer.hu
2015-05-09 20:11:11,821 [SwingWorker-pool-1-thread-4] (CustomerController.java:37) INFO - A táblában az azonosító alapján történő keresés sikeres volt. ResultSet: 18 Kiss Béla 9999 Hajó utca 20. +36105678944 kissbela@customer.hu
2015-05-09 20:11:11,843 [SwingWorker-pool-1-thread-4] (CustomerController.java:37) INFO - A táblában az azonosító alapján történő keresés sikeres volt. ResultSet: 19 Forgács Eszter 9123 Virág utca 195. +36401234567 eszter.forgacs@mail.hu
2015-05-09 20:11:11,865 [SwingWorker-pool-1-thread-4] (CustomerController.java:37) INFO - A táblában az azonosító alapján történő keresés sikeres volt. ResultSet: 20 Virág Árpád 1234 Mező utca 72. +36801234598 arpika@watermail.com
2015-05-09 20:11:11,888 [SwingWorker-pool-1-thread-4] (CustomerController.java:37) INFO - A táblában az azonosító alapján történő keresés sikeres volt. ResultSet: 22 Répási Réka 6352 Nyúl utca 144. +36401121123 reka_nyuszi@amail.com
2015-05-09 20:11:11,911 [SwingWorker-pool-1-thread-4] (CustomerController.java:37) INFO - A táblában az azonosító alapján történő keresés sikeres volt. ResultSet: 23 Kis Virág 1835 Föld utca 40. +36905555555 kiss@virag.hu
2015-05-09 20:11:11,934 [SwingWorker-pool-1-thread-4] (CustomerController.java:37) INFO - A táblában az azonosító alapján történő keresés sikeres volt. ResultSet: 23 Kis Virág 1835 Föld utca 40. +36905555555 kiss@virag.hu
2015-05-09 20:11:11,957 [SwingWorker-pool-1-thread-4] (CustomerController.java:37) INFO - A táblában az azonosító alapján történő keresés sikeres volt. ResultSet: 18 Kiss Béla 9999 Hajó utca 20. +36105678944 kissbela@customer.hu
2015-05-09 20:11:16,827 [SwingWorker-pool-1-thread-1] (CustomerController.java:37) INFO - A táblában az azonosító alapján történő keresés sikeres volt. ResultSet: 18 Kiss Béla 9999 Hajó utca 20. +36105678944 kissbela@customer.hu
2015-05-09 20:11:16,854 [SwingWorker-pool-1-thread-1] (CustomerController.java:37) INFO - A táblában az azonosító alapján történő keresés sikeres volt. ResultSet: 19 Forgács Eszter 9123 Virág utca 195. +36401234567 eszter.forgacs@mail.hu
2015-05-09 20:11:16,876 [SwingWorker-pool-1-thread-1] (CustomerController.java:37) INFO - A táblában az azonosító alapján történő keresés sikeres volt. ResultSet: 20 Virág Árpád 1234 Mező utca 72. +36801234598 arpika@watermail.com
2015-05-09 20:11:16,901 [SwingWorker-pool-1-thread-1] (CustomerController.java:37) INFO - A táblában az azonosító alapján történő keresés sikeres volt. ResultSet: 22 Répási Réka 6352 Nyúl utca 144. +36401121123 reka_nyuszi@amail.com
2015-05-09 20:11:16,923 [SwingWorker-pool-1-thread-1] (CustomerController.java:37) INFO - A táblában az azonosító alapján történő keresés sikeres volt. ResultSet: 23 Kis Virág 1835 Föld utca 40. +36905555555 kiss@virag.hu
2015-05-09 20:11:16,947 [SwingWorker-pool-1-thread-1] (CustomerController.java:37) INFO - A táblában az azonosító alapján történő keresés sikeres volt. ResultSet: 23 Kis Virág 1835 Föld utca 40. +36905555555 kiss@virag.hu
2015-05-09 20:11:16,970 [SwingWorker-pool-1-thread-1] (CustomerController.java:37) INFO - A táblában az azonosító alapján történő keresés sikeres volt. ResultSet: 18 Kiss Béla 9999 Hajó utca 20. +36105678944 kissbela@customer.hu
2015-05-09 20:11:21,825 [SwingWorker-pool-1-thread-8] (CustomerController.java:37) INFO - A táblában az azonosító alapján történő keresés sikeres volt. ResultSet: 18 Kiss Béla 9999 Hajó utca 20. +36105678944 kissbela@customer.hu
2015-05-09 20:11:21,853 [SwingWorker-pool-1-thread-8] (CustomerController.java:37) INFO - A táblában az azonosító alapján történő keresés sikeres volt. ResultSet: 19 Forgács Eszter 9123 Virág utca 195. +36401234567 eszter.forgacs@mail.hu
2015-05-09 20:11:21,876 [SwingWorker-pool-1-thread-8] (CustomerController.java:37) INFO - A táblában az azonosító alapján történő keresés sikeres volt. ResultSet: 20 Virág Árpád 1234 Mező utca 72. +36801234598 arpika@watermail.com
2015-05-09 20:11:21,902 [SwingWorker-pool-1-thread-8] (CustomerController.java:37) INFO - A táblában az azonosító alapján történő keresés sikeres volt. ResultSet: 22 Répási Réka 6352 Nyúl utca 144. +36401121123 reka_nyuszi@amail.com
2015-05-09 20:11:21,926 [SwingWorker-pool-1-thread-8] (CustomerController.java:37) INFO - A táblában az azonosító alapján történő keresés sikeres volt. ResultSet: 23 Kis Virág 1835 Föld utca 40. +36905555555 kiss@virag.hu
2015-05-09 20:11:21,951 [SwingWorker-pool-1-thread-8] (CustomerController.java:37) INFO - A táblában az azonosító alapján történő keresés sikeres volt. ResultSet: 23 Kis Virág 1835 Föld utca 40. +36905555555 kiss@virag.hu
2015-05-09 20:11:21,974 [SwingWorker-pool-1-thread-8] (CustomerController.java:37) INFO - A táblában az azonosító alapján történő keresés sikeres volt. ResultSet: 18 Kiss Béla 9999 Hajó utca 20. +36105678944 kissbela@customer.hu
2015-05-09 20:11:26,827 [SwingWorker-pool-1-thread-3] (CustomerController.java:37) INFO - A táblában az azonosító alapján történő keresés sikeres volt. ResultSet: 18 Kiss Béla 9999 Hajó utca 20. +36105678944 kissbela@customer.hu
2015-05-09 20:11:26,849 [SwingWorker-pool-1-thread-3] (CustomerController.java:37) INFO - A táblában az azonosító alapján történő keresés sikeres volt. ResultSet: 19 Forgács Eszter 9123 Virág utca 195. +36401234567 eszter.forgacs@mail.hu
2015-05-09 20:11:26,884 [SwingWorker-pool-1-thread-3] (CustomerController.java:37) INFO - A táblában az azonosító alapján történő keresés sikeres volt. ResultSet: 20 Virág Árpád 1234 Mező utca 72. +36801234598 arpika@watermail.com
2015-05-09 20:11:26,908 [SwingWorker-pool-1-thread-3] (CustomerController.java:37) INFO - A táblában az azonosító alapján történő keresés sikeres volt. ResultSet: 22 Répási Réka 6352 Nyúl utca 144. +36401121123 reka_nyuszi@amail.com
2015-05-09 20:11:26,931 [SwingWorker-pool-1-thread-3] (CustomerController.java:37) INFO - A táblában az azonosító alapján történő keresés sikeres volt. ResultSet: 23 Kis Virág 1835 Föld utca 40. +36905555555 kiss@virag.hu
2015-05-09 20:11:26,955 [SwingWorker-pool-1-thread-3] (CustomerController.java:37) INFO - A táblában az azonosító alapján történő keresés sikeres volt. ResultSet: 23 Kis Virág 1835 Föld utca 40. +36905555555 kiss@virag.hu
2015-05-09 20:11:26,977 [SwingWorker-pool-1-thread-3] (CustomerController.java:37) INFO - A táblában az azonosító alapján történő keresés sikeres volt. ResultSet: 18 Kiss Béla 9999 Hajó utca 20. +36105678944 kissbela@customer.hu
2015-05-09 20:11:32,383 [SwingWorker-pool-1-thread-6] (CustomerController.java:37) INFO - A táblában az azonosító alapján történő keresés sikeres volt. ResultSet: 18 Kiss Béla 9999 Hajó utca 20. +36105678944 kissbela@customer.hu
2015-05-09 20:11:32,406 [SwingWorker-pool-1-thread-6] (CustomerController.java:37) INFO - A táblában az azonosító alapján történő keresés sikeres volt. ResultSet: 19 Forgács Eszter 9123 Virág utca 195. +36401234567 eszter.forgacs@mail.hu
2015-05-09 20:11:32,427 [SwingWorker-pool-1-thread-6] (CustomerController.java:37) INFO - A táblában az azonosító alapján történő keresés sikeres volt. ResultSet: 20 Virág Árpád 1234 Mező utca 72. +36801234598 arpika@watermail.com
2015-05-09 20:11:32,455 [SwingWorker-pool-1-thread-6] (CustomerController.java:37) INFO - A táblában az azonosító alapján történő keresés sikeres volt. ResultSet: 22 Répási Réka 6352 Nyúl utca 144. +36401121123 reka_nyuszi@amail.com
2015-05-09 20:11:32,477 [SwingWorker-pool-1-thread-6] (CustomerController.java:37) INFO - A táblában az azonosító alapján történő keresés sikeres volt. ResultSet: 23 Kis Virág 1835 Föld utca 40. +36905555555 kiss@virag.hu
2015-05-09 20:11:32,500 [SwingWorker-pool-1-thread-6] (CustomerController.java:37) INFO - A táblában az azonosító alapján történő keresés sikeres volt. ResultSet: 23 Kis Virág 1835 Föld utca 40. +36905555555 kiss@virag.hu
2015-05-09 20:11:32,522 [SwingWorker-pool-1-thread-6] (CustomerController.java:37) INFO - A táblában az azonosító alapján történő keresés sikeres volt. ResultSet: 18 Kiss Béla 9999 Hajó utca 20. +36105678944 kissbela@customer.hu
2015-05-09 20:11:36,870 [SwingWorker-pool-1-thread-4] (CustomerController.java:37) INFO - A táblában az azonosító alapján történő keresés sikeres volt. ResultSet: 18 Kiss Béla 9999 Hajó utca 20. +36105678944 kissbela@customer.hu
2015-05-09 20:11:36,892 [SwingWorker-pool-1-thread-4] (CustomerController.java:37) INFO - A táblában az azonosító alapján történő keresés sikeres volt. ResultSet: 19 Forgács Eszter 9123 Virág utca 195. +36401234567 eszter.forgacs@mail.hu
2015-05-09 20:11:36,914 [SwingWorker-pool-1-thread-4] (CustomerController.java:37) INFO - A táblában az azonosító alapján történő keresés sikeres volt. ResultSet: 20 Virág Árpád 1234 Mező utca 72. +36801234598 arpika@watermail.com
2015-05-09 20:11:36,941 [SwingWorker-pool-1-thread-4] (CustomerController.java:37) INFO - A táblában az azonosító alapján történő keresés sikeres volt. ResultSet: 22 Répási Réka 6352 Nyúl utca 144. +36401121123 reka_nyuszi@amail.com
2015-05-09 20:11:36,967 [SwingWorker-pool-1-thread-4] (CustomerController.java:37) INFO - A táblában az azonosító alapján történő keresés sikeres volt. ResultSet: 23 Kis Virág 1835 Föld utca 40. +36905555555 kiss@virag.hu
2015-05-09 20:11:36,994 [SwingWorker-pool-1-thread-4] (CustomerController.java:37) INFO - A táblában az azonosító alapján történő keresés sikeres volt. ResultSet: 23 Kis Virág 1835 Föld utca 40. +36905555555 kiss@virag.hu
2015-05-09 20:11:37,017 [SwingWorker-pool-1-thread-4] (CustomerController.java:37) INFO - A táblában az azonosító alapján történő keresés sikeres volt. ResultSet: 18 Kiss Béla 9999 Hajó utca 20. +36105678944 kissbela@customer.hu
2015-05-09 20:11:41,833 [SwingWorker-pool-1-thread-2] (CustomerController.java:37) INFO - A táblában az azonosító alapján történő keresés sikeres volt. ResultSet: 18 Kiss Béla 9999 Hajó utca 20. +36105678944 kissbela@customer.hu
2015-05-09 20:11:41,854 [SwingWorker-pool-1-thread-2] (CustomerController.java:37) INFO - A táblában az azonosító alapján történő keresés sikeres volt. ResultSet: 19 Forgács Eszter 9123 Virág utca 195. +36401234567 eszter.forgacs@mail.hu
2015-05-09 20:11:41,875 [SwingWorker-pool-1-thread-2] (CustomerController.java:37) INFO - A táblában az azonosító alapján történő keresés sikeres volt. ResultSet: 20 Virág Árpád 1234 Mező utca 72. +36801234598 arpika@watermail.com
2015-05-09 20:11:41,897 [SwingWorker-pool-1-thread-2] (CustomerController.java:37) INFO - A táblában az azonosító alapján történő keresés sikeres volt. ResultSet: 22 Répási Réka 6352 Nyúl utca 144. +36401121123 reka_nyuszi@amail.com
2015-05-09 20:11:41,919 [SwingWorker-pool-1-thread-2] (CustomerController.java:37) INFO - A táblában az azonosító alapján történő keresés sikeres volt. ResultSet: 23 Kis Virág 1835 Föld utca 40. +36905555555 kiss@virag.hu
2015-05-09 20:11:41,942 [SwingWorker-pool-1-thread-2] (CustomerController.java:37) INFO - A táblában az azonosító alapján történő keresés sikeres volt. ResultSet: 23 Kis Virág 1835 Föld utca 40. +36905555555 kiss@virag.hu
2015-05-09 20:11:41,965 [SwingWorker-pool-1-thread-2] (CustomerController.java:37) INFO - A táblában az azonosító alapján történő keresés sikeres volt. ResultSet: 18 Kiss Béla 9999 Hajó utca 20. +36105678944 kissbela@customer.hu
2015-05-09 20:11:43,329 [SwingWorker-pool-1-thread-7] (CustomerController.java:66) INFO - A táblában a sorindex alapján történő keresés sikeres volt.ResultSet: 18 Kiss Béla 9999 Hajó utca 20. +36105678944 kissbela@customer.hu
2015-05-09 20:11:43,335 [SwingWorker-pool-1-thread-7] (CustomerController.java:66) INFO - A táblában a sorindex alapján történő keresés sikeres volt.ResultSet: 19 Forgács Eszter 9123 Virág utca 195. +36401234567 eszter.forgacs@mail.hu
2015-05-09 20:11:43,341 [SwingWorker-pool-1-thread-7] (CustomerController.java:66) INFO - A táblában a sorindex alapján történő keresés sikeres volt.ResultSet: 20 Virág Árpád 1234 Mező utca 72. +36801234598 arpika@watermail.com
2015-05-09 20:11:43,347 [SwingWorker-pool-1-thread-7] (CustomerController.java:66) INFO - A táblában a sorindex alapján történő keresés sikeres volt.ResultSet: 21 Kolompár Emánuel 7456 Vass utca 19. +36801234123 emanuel@vasmuvek.hu
2015-05-09 20:11:43,354 [SwingWorker-pool-1-thread-7] (CustomerController.java:66) INFO - A táblában a sorindex alapján történő keresés sikeres volt.ResultSet: 22 Répási Réka 6352 Nyúl utca 144. +36401121123 reka_nyuszi@amail.com
2015-05-09 20:11:43,361 [SwingWorker-pool-1-thread-7] (CustomerController.java:66) INFO - A táblában a sorindex alapján történő keresés sikeres volt.ResultSet: 23 Kis Virág 1835 Föld utca 40. +36905555555 kiss@virag.hu
2015-05-09 20:11:46,833 [SwingWorker-pool-1-thread-3] (CustomerController.java:37) INFO - A táblában az azonosító alapján történő keresés sikeres volt. ResultSet: 18 Kiss Béla 9999 Hajó utca 20. +36105678944 kissbela@customer.hu
2015-05-09 20:11:46,856 [SwingWorker-pool-1-thread-3] (CustomerController.java:37) INFO - A táblában az azonosító alapján történő keresés sikeres volt. ResultSet: 19 Forgács Eszter 9123 Virág utca 195. +36401234567 eszter.forgacs@mail.hu
2015-05-09 20:11:46,944 [SwingWorker-pool-1-thread-3] (CustomerController.java:37) INFO - A táblában az azonosító alapján történő keresés sikeres volt. ResultSet: 20 Virág Árpád 1234 Mező utca 72. +36801234598 arpika@watermail.com
2015-05-09 20:11:46,992 [SwingWorker-pool-1-thread-3] (CustomerController.java:37) INFO - A táblában az azonosító alapján történő keresés sikeres volt. ResultSet: 22 Répási Réka 6352 Nyúl utca 144. +36401121123 reka_nyuszi@amail.com
2015-05-09 20:11:47,028 [SwingWorker-pool-1-thread-3] (CustomerController.java:37) INFO - A táblában az azonosító alapján történő keresés sikeres volt. ResultSet: 23 Kis Virág 1835 Föld utca 40. +36905555555 kiss@virag.hu
2015-05-09 20:11:47,107 [SwingWorker-pool-1-thread-3] (CustomerController.java:37) INFO - A táblában az azonosító alapján történő keresés sikeres volt. ResultSet: 23 Kis Virág 1835 Föld utca 40. +36905555555 kiss@virag.hu
2015-05-09 20:11:47,140 [SwingWorker-pool-1-thread-3] (CustomerController.java:37) INFO - A táblában az azonosító alapján történő keresés sikeres volt. ResultSet: 18 Kiss Béla 9999 Hajó utca 20. +36105678944 kissbela@customer.hu
2015-05-09 20:11:51,835 [SwingWorker-pool-1-thread-2] (CustomerController.java:37) INFO - A táblában az azonosító alapján történő keresés sikeres volt. ResultSet: 18 Kiss Béla 9999 Hajó utca 20. +36105678944 kissbela@customer.hu
2015-05-09 20:11:51,858 [SwingWorker-pool-1-thread-2] (CustomerController.java:37) INFO - A táblában az azonosító alapján történő keresés sikeres volt. ResultSet: 19 Forgács Eszter 9123 Virág utca 195. +36401234567 eszter.forgacs@mail.hu
2015-05-09 20:11:51,879 [SwingWorker-pool-1-thread-2] (CustomerController.java:37) INFO - A táblában az azonosító alapján történő keresés sikeres volt. ResultSet: 20 Virág Árpád 1234 Mező utca 72. +36801234598 arpika@watermail.com
2015-05-09 20:11:51,901 [SwingWorker-pool-1-thread-2] (CustomerController.java:37) INFO - A táblában az azonosító alapján történő keresés sikeres volt. ResultSet: 22 Répási Réka 6352 Nyúl utca 144. +36401121123 reka_nyuszi@amail.com
2015-05-09 20:11:51,923 [SwingWorker-pool-1-thread-2] (CustomerController.java:37) INFO - A táblában az azonosító alapján történő keresés sikeres volt. ResultSet: 23 Kis Virág 1835 Föld utca 40. +36905555555 kiss@virag.hu
2015-05-09 20:11:51,946 [SwingWorker-pool-1-thread-2] (CustomerController.java:37) INFO - A táblában az azonosító alapján történő keresés sikeres volt. ResultSet: 23 Kis Virág 1835 Föld utca 40. +36905555555 kiss@virag.hu
2015-05-09 20:11:52,011 [SwingWorker-pool-1-thread-2] (CustomerController.java:37) INFO - A táblában az azonosító alapján történő keresés sikeres volt. ResultSet: 18 Kiss Béla 9999 Hajó utca 20. +36105678944 kissbela@customer.hu
2015-05-09 20:11:54,657 [SwingWorker-pool-1-thread-4] (OrderController.java:168) INFO - Az új rendelés létrehozása sikeres volt.
2015-05-09 20:11:54,686 [SwingWorker-pool-1-thread-4] (CustomerController.java:37) INFO - A táblában az azonosító alapján történő keresés sikeres volt. ResultSet: 18 Kiss Béla 9999 Hajó utca 20. +36105678944 kissbela@customer.hu
2015-05-09 20:11:54,708 [SwingWorker-pool-1-thread-4] (CustomerController.java:37) INFO - A táblában az azonosító alapján történő keresés sikeres volt. ResultSet: 19 Forgács Eszter 9123 Virág utca 195. +36401234567 eszter.forgacs@mail.hu
2015-05-09 20:11:54,729 [SwingWorker-pool-1-thread-4] (CustomerController.java:37) INFO - A táblában az azonosító alapján történő keresés sikeres volt. ResultSet: 20 Virág Árpád 1234 Mező utca 72. +36801234598 arpika@watermail.com
2015-05-09 20:11:54,751 [SwingWorker-pool-1-thread-4] (CustomerController.java:37) INFO - A táblában az azonosító alapján történő keresés sikeres volt. ResultSet: 22 Répási Réka 6352 Nyúl utca 144. +36401121123 reka_nyuszi@amail.com
2015-05-09 20:11:54,773 [SwingWorker-pool-1-thread-4] (CustomerController.java:37) INFO - A táblában az azonosító alapján történő keresés sikeres volt. ResultSet: 23 Kis Virág 1835 Föld utca 40. +36905555555 kiss@virag.hu
2015-05-09 20:11:54,794 [SwingWorker-pool-1-thread-4] (CustomerController.java:37) INFO - A táblában az azonosító alapján történő keresés sikeres volt. ResultSet: 23 Kis Virág 1835 Föld utca 40. +36905555555 kiss@virag.hu
2015-05-09 20:11:54,816 [SwingWorker-pool-1-thread-4] (CustomerController.java:37) INFO - A táblában az azonosító alapján történő keresés sikeres volt. ResultSet: 18 Kiss Béla 9999 Hajó utca 20. +36105678944 kissbela@customer.hu
2015-05-09 20:11:54,837 [SwingWorker-pool-1-thread-4] (CustomerController.java:37) INFO - A táblában az azonosító alapján történő keresés sikeres volt. ResultSet: 18 Kiss Béla 9999 Hajó utca 20. +36105678944 kissbela@customer.hu
2015-05-09 20:11:54,905 [SwingWorker-pool-1-thread-1] (CustomerController.java:37) INFO - A táblában az azonosító alapján történő keresés sikeres volt. ResultSet: 18 Kiss Béla 9999 Hajó utca 20. +36105678944 kissbela@customer.hu
2015-05-09 20:11:54,926 [SwingWorker-pool-1-thread-1] (CustomerController.java:37) INFO - A táblában az azonosító alapján történő keresés sikeres volt. ResultSet: 19 Forgács Eszter 9123 Virág utca 195. +36401234567 eszter.forgacs@mail.hu
2015-05-09 20:11:54,949 [SwingWorker-pool-1-thread-1] (CustomerController.java:37) INFO - A táblában az azonosító alapján történő keresés sikeres volt. ResultSet: 20 Virág Árpád 1234 Mező utca 72. +36801234598 arpika@watermail.com
2015-05-09 20:11:54,971 [SwingWorker-pool-1-thread-1] (CustomerController.java:37) INFO - A táblában az azonosító alapján történő keresés sikeres volt. ResultSet: 22 Répási Réka 6352 Nyúl utca 144. +36401121123 reka_nyuszi@amail.com
2015-05-09 20:11:54,994 [SwingWorker-pool-1-thread-1] (CustomerController.java:37) INFO - A táblában az azonosító alapján történő keresés sikeres volt. ResultSet: 23 Kis Virág 1835 Föld utca 40. +36905555555 kiss@virag.hu
2015-05-09 20:11:55,016 [SwingWorker-pool-1-thread-1] (CustomerController.java:37) INFO - A táblában az azonosító alapján történő keresés sikeres volt. ResultSet: 23 Kis Virág 1835 Föld utca 40. +36905555555 kiss@virag.hu
2015-05-09 20:11:55,037 [SwingWorker-pool-1-thread-1] (CustomerController.java:37) INFO - A táblában az azonosító alapján történő keresés sikeres volt. ResultSet: 18 Kiss Béla 9999 Hajó utca 20. +36105678944 kissbela@customer.hu
2015-05-09 20:11:55,059 [SwingWorker-pool-1-thread-1] (CustomerController.java:37) INFO - A táblában az azonosító alapján történő keresés sikeres volt. ResultSet: 18 Kiss Béla 9999 Hajó utca 20. +36105678944 kissbela@customer.hu
2015-05-09 20:11:59,355 [SwingWorker-pool-1-thread-5] (OrderController.java:140) INFO - A(z) (172) azonosítójú sor sikeresen módosult.Hozzáadott termék: GeForce GTX 750 Ti a hozzá tartozó vásárló neve: Kis Virág lett.
2015-05-09 20:11:59,420 [SwingWorker-pool-1-thread-7] (CustomerController.java:37) INFO - A táblában az azonosító alapján történő keresés sikeres volt. ResultSet: 18 Kiss Béla 9999 Hajó utca 20. +36105678944 kissbela@customer.hu
2015-05-09 20:11:59,443 [SwingWorker-pool-1-thread-7] (CustomerController.java:37) INFO - A táblában az azonosító alapján történő keresés sikeres volt. ResultSet: 19 Forgács Eszter 9123 Virág utca 195. +36401234567 eszter.forgacs@mail.hu
2015-05-09 20:11:59,466 [SwingWorker-pool-1-thread-7] (CustomerController.java:37) INFO - A táblában az azonosító alapján történő keresés sikeres volt. ResultSet: 20 Virág Árpád 1234 Mező utca 72. +36801234598 arpika@watermail.com
2015-05-09 20:11:59,488 [SwingWorker-pool-1-thread-7] (CustomerController.java:37) INFO - A táblában az azonosító alapján történő keresés sikeres volt. ResultSet: 22 Répási Réka 6352 Nyúl utca 144. +36401121123 reka_nyuszi@amail.com
2015-05-09 20:11:59,510 [SwingWorker-pool-1-thread-7] (CustomerController.java:37) INFO - A táblában az azonosító alapján történő keresés sikeres volt. ResultSet: 23 Kis Virág 1835 Föld utca 40. +36905555555 kiss@virag.hu
2015-05-09 20:11:59,537 [SwingWorker-pool-1-thread-7] (CustomerController.java:37) INFO - A táblában az azonosító alapján történő keresés sikeres volt. ResultSet: 23 Kis Virág 1835 Föld utca 40. +36905555555 kiss@virag.hu
2015-05-09 20:11:59,569 [SwingWorker-pool-1-thread-7] (CustomerController.java:37) INFO - A táblában az azonosító alapján történő keresés sikeres volt. ResultSet: 18 Kiss Béla 9999 Hajó utca 20. +36105678944 kissbela@customer.hu
2015-05-09 20:11:59,605 [SwingWorker-pool-1-thread-7] (CustomerController.java:37) INFO - A táblában az azonosító alapján történő keresés sikeres volt. ResultSet: 23 Kis Virág 1835 Föld utca 40. +36905555555 kiss@virag.hu
2015-05-09 20:12:04,494 [SwingWorker-pool-1-thread-2] (CustomerController.java:37) INFO - A táblában az azonosító alapján történő keresés sikeres volt. ResultSet: 18 Kiss Béla 9999 Hajó utca 20. +36105678944 kissbela@customer.hu
2015-05-09 20:12:04,519 [SwingWorker-pool-1-thread-2] (CustomerController.java:37) INFO - A táblában az azonosító alapján történő keresés sikeres volt. ResultSet: 19 Forgács Eszter 9123 Virág utca 195. +36401234567 eszter.forgacs@mail.hu
2015-05-09 20:12:04,541 [SwingWorker-pool-1-thread-2] (CustomerController.java:37) INFO - A táblában az azonosító alapján történő keresés sikeres volt. ResultSet: 20 Virág Árpád 1234 Mező utca 72. +36801234598 arpika@watermail.com
2015-05-09 20:12:04,562 [SwingWorker-pool-1-thread-2] (CustomerController.java:37) INFO - A táblában az azonosító alapján történő keresés sikeres volt. ResultSet: 22 Répási Réka 6352 Nyúl utca 144. +36401121123 reka_nyuszi@amail.com
2015-05-09 20:12:04,583 [SwingWorker-pool-1-thread-2] (CustomerController.java:37) INFO - A táblában az azonosító alapján történő keresés sikeres volt. ResultSet: 23 Kis Virág 1835 Föld utca 40. +36905555555 kiss@virag.hu
2015-05-09 20:12:04,605 [SwingWorker-pool-1-thread-2] (CustomerController.java:37) INFO - A táblában az azonosító alapján történő keresés sikeres volt. ResultSet: 23 Kis Virág 1835 Föld utca 40. +36905555555 kiss@virag.hu
2015-05-09 20:12:04,625 [SwingWorker-pool-1-thread-2] (CustomerController.java:37) INFO - A táblában az azonosító alapján történő keresés sikeres volt. ResultSet: 18 Kiss Béla 9999 Hajó utca 20. +36105678944 kissbela@customer.hu
2015-05-09 20:12:04,647 [SwingWorker-pool-1-thread-2] (CustomerController.java:37) INFO - A táblában az azonosító alapján történő keresés sikeres volt. ResultSet: 23 Kis Virág 1835 Föld utca 40. +36905555555 kiss@virag.hu
2015-05-09 20:12:09,379 [SwingWorker-pool-1-thread-4] (CustomerController.java:37) INFO - A táblában az azonosító alapján történő keresés sikeres volt. ResultSet: 18 Kiss Béla 9999 Hajó utca 20. +36105678944 kissbela@customer.hu
2015-05-09 20:12:09,401 [SwingWorker-pool-1-thread-4] (CustomerController.java:37) INFO - A táblában az azonosító alapján történő keresés sikeres volt. ResultSet: 19 Forgács Eszter 9123 Virág utca 195. +36401234567 eszter.forgacs@mail.hu
2015-05-09 20:12:09,422 [SwingWorker-pool-1-thread-4] (CustomerController.java:37) INFO - A táblában az azonosító alapján történő keresés sikeres volt. ResultSet: 20 Virág Árpád 1234 Mező utca 72. +36801234598 arpika@watermail.com
2015-05-09 20:12:09,444 [SwingWorker-pool-1-thread-4] (CustomerController.java:37) INFO - A táblában az azonosító alapján történő keresés sikeres volt. ResultSet: 22 Répási Réka 6352 Nyúl utca 144. +36401121123 reka_nyuszi@amail.com
2015-05-09 20:12:09,465 [SwingWorker-pool-1-thread-4] (CustomerController.java:37) INFO - A táblában az azonosító alapján történő keresés sikeres volt. ResultSet: 23 Kis Virág 1835 Föld utca 40. +36905555555 kiss@virag.hu
2015-05-09 20:12:09,486 [SwingWorker-pool-1-thread-4] (CustomerController.java:37) INFO - A táblában az azonosító alapján történő keresés sikeres volt. ResultSet: 23 Kis Virág 1835 Föld utca 40. +36905555555 kiss@virag.hu
2015-05-09 20:12:09,509 [SwingWorker-pool-1-thread-4] (CustomerController.java:37) INFO - A táblában az azonosító alapján történő keresés sikeres volt. ResultSet: 18 Kiss Béla 9999 Hajó utca 20. +36105678944 kissbela@customer.hu
2015-05-09 20:12:09,531 [SwingWorker-pool-1-thread-4] (CustomerController.java:37) INFO - A táblában az azonosító alapján történő keresés sikeres volt. ResultSet: 23 Kis Virág 1835 Föld utca 40. +36905555555 kiss@virag.hu
2015-05-09 20:12:14,380 [SwingWorker-pool-1-thread-10] (CustomerController.java:37) INFO - A táblában az azonosító alapján történő keresés sikeres volt. ResultSet: 18 Kiss Béla 9999 Hajó utca 20. +36105678944 kissbela@customer.hu
2015-05-09 20:12:14,402 [SwingWorker-pool-1-thread-10] (CustomerController.java:37) INFO - A táblában az azonosító alapján történő keresés sikeres volt. ResultSet: 19 Forgács Eszter 9123 Virág utca 195. +36401234567 eszter.forgacs@mail.hu
2015-05-09 20:12:14,424 [SwingWorker-pool-1-thread-10] (CustomerController.java:37) INFO - A táblában az azonosító alapján történő keresés sikeres volt. ResultSet: 20 Virág Árpád 1234 Mező utca 72. +36801234598 arpika@watermail.com
2015-05-09 20:12:14,445 [SwingWorker-pool-1-thread-10] (CustomerController.java:37) INFO - A táblában az azonosító alapján történő keresés sikeres volt. ResultSet: 22 Répási Réka 6352 Nyúl utca 144. +36401121123 reka_nyuszi@amail.com
2015-05-09 20:12:14,466 [SwingWorker-pool-1-thread-10] (CustomerController.java:37) INFO - A táblában az azonosító alapján történő keresés sikeres volt. ResultSet: 23 Kis Virág 1835 Föld utca 40. +36905555555 kiss@virag.hu
2015-05-09 20:12:14,488 [SwingWorker-pool-1-thread-10] (CustomerController.java:37) INFO - A táblában az azonosító alapján történő keresés sikeres volt. ResultSet: 23 Kis Virág 1835 Föld utca 40. +36905555555 kiss@virag.hu
2015-05-09 20:12:14,510 [SwingWorker-pool-1-thread-10] (CustomerController.java:37) INFO - A táblában az azonosító alapján történő keresés sikeres volt. ResultSet: 18 Kiss Béla 9999 Hajó utca 20. +36105678944 kissbela@customer.hu
2015-05-09 20:12:14,543 [SwingWorker-pool-1-thread-10] (CustomerController.java:37) INFO - A táblában az azonosító alapján történő keresés sikeres volt. ResultSet: 23 Kis Virág 1835 Föld utca 40. +36905555555 kiss@virag.hu
2015-05-09 20:12:19,383 [SwingWorker-pool-1-thread-1] (CustomerController.java:37) INFO - A táblában az azonosító alapján történő keresés sikeres volt. ResultSet: 18 Kiss Béla 9999 Hajó utca 20. +36105678944 kissbela@customer.hu
2015-05-09 20:12:19,405 [SwingWorker-pool-1-thread-1] (CustomerController.java:37) INFO - A táblában az azonosító alapján történő keresés sikeres volt. ResultSet: 19 Forgács Eszter 9123 Virág utca 195. +36401234567 eszter.forgacs@mail.hu
2015-05-09 20:12:19,427 [SwingWorker-pool-1-thread-1] (CustomerController.java:37) INFO - A táblában az azonosító alapján történő keresés sikeres volt. ResultSet: 20 Virág Árpád 1234 Mező utca 72. +36801234598 arpika@watermail.com
2015-05-09 20:12:19,449 [SwingWorker-pool-1-thread-1] (CustomerController.java:37) INFO - A táblában az azonosító alapján történő keresés sikeres volt. ResultSet: 22 Répási Réka 6352 Nyúl utca 144. +36401121123 reka_nyuszi@amail.com
2015-05-09 20:12:19,469 [SwingWorker-pool-1-thread-1] (CustomerController.java:37) INFO - A táblában az azonosító alapján történő keresés sikeres volt. ResultSet: 23 Kis Virág 1835 Föld utca 40. +36905555555 kiss@virag.hu
2015-05-09 20:12:19,492 [SwingWorker-pool-1-thread-1] (CustomerController.java:37) INFO - A táblában az azonosító alapján történő keresés sikeres volt. ResultSet: 23 Kis Virág 1835 Föld utca 40. +36905555555 kiss@virag.hu
2015-05-09 20:12:19,514 [SwingWorker-pool-1-thread-1] (CustomerController.java:37) INFO - A táblában az azonosító alapján történő keresés sikeres volt. ResultSet: 18 Kiss Béla 9999 Hajó utca 20. +36105678944 kissbela@customer.hu
2015-05-09 20:12:19,536 [SwingWorker-pool-1-thread-1] (CustomerController.java:37) INFO - A táblában az azonosító alapján történő keresés sikeres volt. ResultSet: 23 Kis Virág 1835 Föld utca 40. +36905555555 kiss@virag.hu
